07/24/2024 20:11:37:INFO:프로그램 실행
07/24/2024 20:12:33:INFO:프로그램이 정상 기동했습니다
07/24/2024 20:12:55:INFO:프로그램이 정상 기동했습니다
07/24/2024 20:13:13:INFO:프로그램이 정상 기동했습니다
07/24/2024 20:13:37:INFO:프로그램이 정상 기동했습니다
07/24/2024 20:14:04:INFO:프로그램 실행
07/24/2024 20:18:09:INFO:프로그램이 정상 기동했습니다
07/24/2024 20:18:16:INFO:프로그램 실행
07/24/2024 20:18:31:INFO:프로그램이 정상 기동했습니다
07/24/2024 20:18:44:INFO:프로그램 실행
07/24/2024 20:19:02:INFO:프로그램이 정상 기동했습니다
07/24/2024 20:19:36:INFO:프로그램 실행
07/24/2024 20:20:08:INFO:Error: Can't find any android device/emulator
07/24/2024 20:21:01:INFO:프로그램 실행
07/24/2024 20:21:06:INFO:Error: 'ConnectATX' object has no attribute 'moveToThread'
07/24/2024 20:22:51:INFO:프로그램이 정상 기동했습니다
07/24/2024 20:23:00:INFO:프로그램 실행
07/24/2024 20:23:07:INFO:Error: super-class __init__() of type ConnectATX was never called
07/24/2024 20:23:44:INFO:프로그램이 정상 기동했습니다
07/24/2024 20:23:50:INFO:프로그램 실행
07/24/2024 20:25:21:INFO:프로그램이 정상 기동했습니다
07/24/2024 20:25:25:INFO:프로그램 실행
07/24/2024 20:28:31:INFO:프로그램이 정상 기동했습니다
07/24/2024 20:28:35:INFO:프로그램 실행
07/24/2024 20:28:40:ERROR:알림 - 'ConnectATX' object has no attribute 'isDebug'
07/24/2024 20:30:19:INFO:프로그램이 정상 기동했습니다
07/24/2024 20:30:57:INFO:프로그램 실행
07/24/2024 20:31:03:ERROR:알림 - 'ConnectATX' object has no attribute 'isDebug'
07/24/2024 20:32:23:INFO:프로그램 실행
07/24/2024 20:34:14:INFO:프로그램이 정상 기동했습니다
07/24/2024 20:34:16:INFO:프로그램 실행
07/24/2024 20:34:49:INFO:프로그램이 정상 기동했습니다
07/24/2024 20:34:51:INFO:프로그램 실행
07/24/2024 20:35:38:INFO:프로그램이 정상 기동했습니다
07/24/2024 20:35:39:INFO:프로그램 실행
07/24/2024 20:36:09:INFO:프로그램이 정상 기동했습니다
07/24/2024 20:36:13:INFO:프로그램 실행
07/24/2024 20:38:27:INFO:프로그램이 정상 기동했습니다
07/24/2024 20:38:29:INFO:프로그램 실행
07/24/2024 20:38:52:INFO:작업 중단
07/24/2024 20:38:53:ERROR:프로그램에러 - an integer is required (got type str)
07/24/2024 20:39:56:INFO:프로그램이 정상 기동했습니다
07/24/2024 20:39:59:INFO:프로그램 실행
07/24/2024 20:40:25:INFO:작업 중단
07/24/2024 20:40:35:ERROR:프로그램에러 - list index out of range
07/24/2024 20:41:52:INFO:프로그램이 정상 기동했습니다
07/24/2024 20:41:54:INFO:프로그램 실행
07/24/2024 20:42:09:INFO:작업 중단
07/24/2024 20:42:10:ERROR:프로그램에러 - an integer is required (got type str)
07/24/2024 20:42:49:INFO:프로그램 실행
07/24/2024 20:42:52:INFO:Error: 'NoneType' object has no attribute 'started'
07/24/2024 20:43:25:INFO:프로그램이 정상 기동했습니다
07/24/2024 20:43:47:INFO:프로그램 실행
07/24/2024 20:44:29:INFO:프로그램이 정상 기동했습니다
07/24/2024 20:44:34:INFO:프로그램 실행
07/24/2024 20:57:29:INFO:프로그램이 정상 기동했습니다
07/24/2024 20:57:43:INFO:프로그램 실행
07/24/2024 20:59:03:ERROR:프로그램에러 - list index out of range
07/24/2024 20:59:08:INFO:프로그램 실행
07/24/2024 20:59:08:ERROR:프로그램에러 - list index out of range
07/24/2024 20:59:08:ERROR:프로그램에러 - list index out of range
07/24/2024 20:59:11:INFO:프로그램 실행
07/24/2024 20:59:11:ERROR:프로그램에러 - list index out of range
07/24/2024 20:59:19:INFO:프로그램 실행
07/24/2024 21:01:03:ERROR:프로그램에러 - list index out of range
07/24/2024 21:01:07:INFO:프로그램 실행
07/24/2024 21:03:24:INFO:프로그램이 정상 기동했습니다
07/24/2024 21:09:12:INFO:프로그램이 정상 기동했습니다
07/24/2024 21:09:18:INFO:프로그램 실행
07/24/2024 21:11:19:INFO:프로그램이 정상 기동했습니다
07/24/2024 21:11:24:INFO:프로그램 실행
07/24/2024 21:15:04:INFO:프로그램이 정상 기동했습니다
07/24/2024 21:15:06:INFO:프로그램 실행
07/24/2024 21:17:01:INFO:프로그램이 정상 기동했습니다
07/24/2024 21:17:05:INFO:프로그램 실행
07/24/2024 21:23:21:INFO:프로그램이 정상 기동했습니다
07/24/2024 21:23:26:INFO:프로그램 실행
07/24/2024 21:24:01:INFO:프로그램이 정상 기동했습니다
07/24/2024 21:24:07:INFO:프로그램 실행
07/24/2024 21:26:05:INFO:프로그램이 정상 기동했습니다
07/24/2024 21:26:10:INFO:프로그램 실행
07/24/2024 21:29:04:INFO:프로그램이 정상 기동했습니다
07/24/2024 21:29:07:INFO:프로그램 실행
07/24/2024 21:30:51:INFO:프로그램이 정상 기동했습니다
07/24/2024 21:30:53:INFO:프로그램 실행
07/24/2024 21:33:02:INFO:프로그램이 정상 기동했습니다
07/24/2024 21:33:11:INFO:프로그램 실행
07/24/2024 21:35:59:INFO:프로그램이 정상 기동했습니다
07/24/2024 21:36:02:INFO:프로그램 실행
07/24/2024 21:36:48:INFO:프로그램이 정상 기동했습니다
07/24/2024 21:36:51:INFO:프로그램 실행
07/24/2024 21:42:55:INFO:프로그램이 정상 기동했습니다
07/24/2024 21:42:59:INFO:프로그램 실행
08/28/2024 11:43:02:INFO:프로그램이 정상 기동했습니다
08/28/2024 11:56:03:INFO:프로그램이 정상 기동했습니다
08/28/2024 11:57:29:INFO:프로그램이 정상 기동했습니다
08/28/2024 12:01:45:INFO:프로그램이 정상 기동했습니다
08/28/2024 12:19:08:INFO:프로그램이 정상 기동했습니다
08/28/2024 12:22:09:INFO:프로그램 실행
08/28/2024 12:22:15:ERROR:프로그램에러 - 'ConnectATX' object has no attribute 'isdebug'
08/28/2024 12:22:52:INFO:프로그램 실행
08/28/2024 12:25:53:INFO:프로그램이 정상 기동했습니다
08/28/2024 12:27:07:INFO:프로그램 실행
08/28/2024 12:27:27:ERROR:프로그램에러 - 'ConnectATX' object has no attribute 'isdebug'
08/28/2024 12:31:04:INFO:프로그램이 정상 기동했습니다
08/28/2024 12:31:12:INFO:프로그램 실행
08/28/2024 12:40:12:INFO:프로그램이 정상 기동했습니다
08/28/2024 12:40:20:INFO:프로그램 실행
08/28/2024 13:03:53:INFO:프로그램이 정상 기동했습니다
08/28/2024 13:06:07:INFO:프로그램이 정상 기동했습니다
08/28/2024 13:06:14:INFO:프로그램 실행
08/28/2024 13:06:18:INFO:Error: Can't find any android device/emulator
08/28/2024 13:06:30:INFO:작업 중단
08/28/2024 13:06:31:INFO:프로그램 실행
08/28/2024 13:06:32:INFO:Error: 'NoneType' object has no attribute 'started'
08/28/2024 13:06:48:INFO:프로그램이 정상 기동했습니다
08/28/2024 13:06:51:INFO:프로그램 실행
08/28/2024 13:07:30:INFO:프로그램이 정상 기동했습니다
08/28/2024 13:07:37:INFO:프로그램 실행
08/28/2024 13:12:40:INFO:프로그램이 정상 기동했습니다
08/28/2024 13:12:43:INFO:프로그램 실행
08/28/2024 13:13:54:INFO:프로그램이 정상 기동했습니다
08/28/2024 13:13:55:INFO:프로그램 실행
08/28/2024 13:17:13:INFO:프로그램이 정상 기동했습니다
08/28/2024 13:17:15:INFO:프로그램 실행
08/28/2024 13:32:31:INFO:프로그램이 정상 기동했습니다
08/28/2024 13:32:44:INFO:프로그램 실행
08/28/2024 13:33:04:ERROR:프로그램에러 - index 1745 is out of bounds for axis 0 with size 830
08/28/2024 13:38:27:INFO:프로그램이 정상 기동했습니다
08/28/2024 13:38:29:INFO:프로그램 실행
08/28/2024 13:39:52:INFO:프로그램이 정상 기동했습니다
08/28/2024 13:39:54:INFO:프로그램 실행
08/28/2024 13:41:04:INFO:프로그램이 정상 기동했습니다
08/28/2024 13:41:31:INFO:프로그램 실행
08/28/2024 13:42:59:INFO:프로그램이 정상 기동했습니다
08/28/2024 13:43:39:INFO:프로그램이 정상 기동했습니다
08/28/2024 13:43:49:INFO:프로그램 실행
08/28/2024 13:51:18:INFO:프로그램이 정상 기동했습니다
08/28/2024 14:26:24:INFO:프로그램이 정상 기동했습니다
08/28/2024 14:27:35:INFO:프로그램이 정상 기동했습니다
08/28/2024 14:27:37:INFO:프로그램 실행
08/28/2024 14:29:48:INFO:프로그램이 정상 기동했습니다
08/28/2024 14:29:51:INFO:프로그램 실행
08/28/2024 14:32:21:INFO:프로그램이 정상 기동했습니다
08/28/2024 14:34:37:INFO:프로그램 실행
08/28/2024 14:36:04:INFO:프로그램이 정상 기동했습니다
08/28/2024 14:37:54:INFO:프로그램이 정상 기동했습니다
08/28/2024 14:37:57:INFO:프로그램 실행
08/28/2024 14:38:30:INFO:프로그램이 정상 기동했습니다
08/28/2024 14:38:35:INFO:프로그램 실행
08/28/2024 14:39:08:INFO:프로그램이 정상 기동했습니다
08/28/2024 14:39:10:INFO:프로그램 실행
08/28/2024 14:39:54:INFO:프로그램이 정상 기동했습니다
08/28/2024 14:39:59:INFO:프로그램 실행
08/28/2024 14:42:32:INFO:프로그램이 정상 기동했습니다
08/28/2024 14:43:02:INFO:프로그램 실행
08/28/2024 14:43:47:INFO:프로그램이 정상 기동했습니다
08/28/2024 14:43:50:INFO:프로그램 실행
08/28/2024 14:46:40:INFO:프로그램이 정상 기동했습니다
08/28/2024 14:46:42:INFO:프로그램 실행
08/28/2024 14:47:36:INFO:프로그램이 정상 기동했습니다
08/28/2024 14:47:38:INFO:프로그램 실행
08/28/2024 14:47:55:INFO:프로그램이 정상 기동했습니다
08/28/2024 14:47:56:INFO:프로그램 실행
08/28/2024 14:52:29:INFO:프로그램이 정상 기동했습니다
08/28/2024 14:52:35:INFO:프로그램 실행
08/28/2024 14:55:00:INFO:프로그램이 정상 기동했습니다
08/28/2024 14:55:02:INFO:프로그램 실행
08/28/2024 14:57:17:INFO:프로그램이 정상 기동했습니다
08/28/2024 14:57:32:INFO:프로그램이 정상 기동했습니다
08/28/2024 14:57:34:INFO:프로그램 실행
08/28/2024 14:59:54:INFO:프로그램이 정상 기동했습니다
08/28/2024 14:59:59:INFO:프로그램 실행
08/28/2024 15:00:36:INFO:프로그램이 정상 기동했습니다
08/28/2024 15:00:41:INFO:프로그램 실행
08/28/2024 15:02:22:INFO:프로그램이 정상 기동했습니다
08/28/2024 15:02:23:INFO:프로그램 실행
08/28/2024 15:09:01:INFO:프로그램이 정상 기동했습니다
08/28/2024 15:09:18:INFO:프로그램 실행
08/28/2024 15:22:33:INFO:프로그램이 정상 기동했습니다
08/28/2024 15:22:40:INFO:프로그램 실행
08/28/2024 15:30:13:INFO:프로그램이 정상 기동했습니다
08/28/2024 15:31:19:INFO:프로그램 실행
08/28/2024 15:33:20:INFO:프로그램이 정상 기동했습니다
08/28/2024 15:33:26:INFO:프로그램 실행
08/28/2024 15:35:48:INFO:프로그램이 정상 기동했습니다
08/28/2024 15:36:00:INFO:프로그램 실행
08/28/2024 15:37:51:INFO:프로그램이 정상 기동했습니다
08/28/2024 15:37:53:INFO:프로그램 실행
08/28/2024 15:43:42:INFO:프로그램이 정상 기동했습니다
08/28/2024 15:43:45:INFO:프로그램 실행
08/28/2024 15:44:32:INFO:프로그램이 정상 기동했습니다
08/28/2024 15:44:34:INFO:프로그램 실행
08/28/2024 15:45:39:INFO:프로그램이 정상 기동했습니다
08/28/2024 15:45:40:INFO:프로그램 실행
08/28/2024 15:47:31:INFO:프로그램이 정상 기동했습니다
08/28/2024 15:47:34:INFO:프로그램 실행
08/28/2024 16:00:46:INFO:프로그램이 정상 기동했습니다
08/28/2024 16:00:50:INFO:프로그램 실행
08/28/2024 16:02:33:INFO:프로그램이 정상 기동했습니다
08/28/2024 16:02:34:INFO:프로그램 실행
08/28/2024 17:13:34:INFO:프로그램이 정상 기동했습니다
08/28/2024 17:14:16:INFO:프로그램 실행
08/28/2024 17:18:37:INFO:프로그램이 정상 기동했습니다
08/28/2024 17:22:56:INFO:프로그램 실행
08/28/2024 17:29:22:INFO:프로그램이 정상 기동했습니다
08/28/2024 17:30:43:INFO:프로그램이 정상 기동했습니다
08/28/2024 17:30:44:INFO:프로그램 실행
08/28/2024 17:37:07:INFO:프로그램이 정상 기동했습니다
08/28/2024 17:37:20:INFO:프로그램 실행
08/28/2024 17:38:51:INFO:프로그램이 정상 기동했습니다
08/28/2024 17:38:55:INFO:프로그램 실행
08/28/2024 17:50:14:INFO:프로그램이 정상 기동했습니다
08/28/2024 17:50:17:INFO:프로그램 실행
08/28/2024 18:04:26:INFO:프로그램이 정상 기동했습니다
08/28/2024 18:04:31:INFO:프로그램 실행
08/28/2024 18:05:59:INFO:프로그램이 정상 기동했습니다
08/28/2024 18:06:02:INFO:프로그램 실행
08/28/2024 18:11:52:INFO:프로그램이 정상 기동했습니다
08/28/2024 18:12:07:INFO:프로그램 실행
08/28/2024 18:20:17:INFO:프로그램이 정상 기동했습니다
08/28/2024 18:20:19:INFO:프로그램 실행
08/28/2024 18:26:59:INFO:프로그램이 정상 기동했습니다
08/28/2024 18:27:15:INFO:프로그램 실행
08/28/2024 18:35:13:INFO:프로그램이 정상 기동했습니다
08/28/2024 18:35:16:INFO:프로그램 실행
08/28/2024 18:49:47:INFO:프로그램이 정상 기동했습니다
08/28/2024 18:49:58:INFO:프로그램 실행
08/28/2024 18:51:34:INFO:프로그램이 정상 기동했습니다
08/28/2024 18:51:43:INFO:프로그램 실행
08/28/2024 18:57:38:INFO:프로그램이 정상 기동했습니다
08/28/2024 18:57:43:INFO:프로그램 실행
08/28/2024 19:00:29:INFO:프로그램이 정상 기동했습니다
08/28/2024 19:01:26:INFO:프로그램이 정상 기동했습니다
08/28/2024 19:01:32:INFO:프로그램 실행
08/28/2024 19:02:42:INFO:프로그램이 정상 기동했습니다
08/28/2024 19:02:43:INFO:프로그램 실행
08/28/2024 19:06:30:INFO:프로그램이 정상 기동했습니다
08/28/2024 19:06:41:INFO:프로그램 실행
08/28/2024 19:10:06:INFO:프로그램이 정상 기동했습니다
08/28/2024 19:10:11:INFO:프로그램 실행
08/28/2024 19:17:38:INFO:프로그램이 정상 기동했습니다
08/28/2024 19:17:52:INFO:프로그램 실행
08/28/2024 19:33:33:INFO:프로그램이 정상 기동했습니다
08/28/2024 19:33:51:INFO:프로그램 실행
08/28/2024 19:43:16:INFO:프로그램이 정상 기동했습니다
08/28/2024 19:43:18:INFO:프로그램 실행
08/28/2024 19:43:59:INFO:finding looplift candidates
08/28/2024 19:45:21:INFO:프로그램이 정상 기동했습니다
08/28/2024 19:45:24:INFO:프로그램 실행
08/28/2024 19:45:52:INFO:finding looplift candidates
08/28/2024 19:46:39:INFO:프로그램이 정상 기동했습니다
08/28/2024 19:46:43:INFO:프로그램 실행
08/28/2024 19:47:15:INFO:프로그램이 정상 기동했습니다
08/28/2024 19:47:17:INFO:프로그램 실행
08/28/2024 19:48:11:INFO:프로그램이 정상 기동했습니다
08/28/2024 19:48:13:INFO:프로그램 실행
08/29/2024 07:10:21:INFO:프로그램이 정상 기동했습니다
08/29/2024 07:27:28:INFO:프로그램이 정상 기동했습니다
08/29/2024 07:28:08:INFO:프로그램이 정상 기동했습니다
08/29/2024 07:28:31:INFO:프로그램 실행
08/29/2024 07:28:47:ERROR:프로그램에러 - 
08/29/2024 07:28:49:INFO:프로그램 실행
08/29/2024 07:28:54:INFO:Error: Can't find any android device/emulator
08/29/2024 07:29:25:INFO:프로그램이 정상 기동했습니다
08/29/2024 07:30:20:INFO:프로그램 실행
08/29/2024 07:30:36:INFO:프로그램이 정상 기동했습니다
08/29/2024 07:30:41:INFO:프로그램 실행
08/29/2024 07:33:26:INFO:프로그램이 정상 기동했습니다
08/29/2024 07:33:36:INFO:프로그램 실행
08/29/2024 07:33:52:INFO:프로그램이 정상 기동했습니다
08/29/2024 07:33:58:INFO:프로그램 실행
08/29/2024 07:37:53:INFO:프로그램이 정상 기동했습니다
08/29/2024 07:38:11:INFO:프로그램 실행
08/29/2024 07:39:50:INFO:프로그램이 정상 기동했습니다
08/29/2024 07:39:52:INFO:프로그램 실행
08/29/2024 07:43:00:INFO:프로그램이 정상 기동했습니다
08/29/2024 07:43:10:INFO:프로그램 실행
08/29/2024 07:48:55:INFO:프로그램이 정상 기동했습니다
08/29/2024 07:50:13:INFO:프로그램 실행
08/29/2024 07:57:01:INFO:프로그램이 정상 기동했습니다
08/29/2024 07:57:15:INFO:프로그램 실행
08/29/2024 08:13:55:INFO:프로그램이 정상 기동했습니다
08/29/2024 08:14:27:INFO:프로그램 실행
08/29/2024 08:17:43:INFO:프로그램이 정상 기동했습니다
08/29/2024 08:18:09:INFO:프로그램이 정상 기동했습니다
08/29/2024 08:18:12:INFO:프로그램 실행
08/29/2024 08:20:10:INFO:프로그램이 정상 기동했습니다
08/29/2024 08:20:18:INFO:프로그램 실행
08/29/2024 09:21:43:INFO:프로그램이 정상 기동했습니다
08/29/2024 09:21:54:INFO:프로그램 실행
08/29/2024 09:37:52:INFO:프로그램이 정상 기동했습니다
08/29/2024 09:37:55:INFO:프로그램 실행
08/29/2024 10:19:38:INFO:프로그램이 정상 기동했습니다
08/29/2024 10:29:23:INFO:프로그램이 정상 기동했습니다
08/29/2024 10:55:27:INFO:프로그램 실행
08/29/2024 10:55:31:INFO:Error: Can't find any android device/emulator
08/29/2024 10:55:53:INFO:프로그램이 정상 기동했습니다
08/29/2024 10:55:56:INFO:프로그램 실행
08/29/2024 10:55:56:INFO:Error: Can't find any android device/emulator
08/29/2024 10:56:10:INFO:프로그램이 정상 기동했습니다
08/29/2024 10:56:12:INFO:프로그램 실행
08/29/2024 10:56:12:INFO:Error: Can't find any android device/emulator
08/29/2024 10:56:27:INFO:프로그램이 정상 기동했습니다
08/29/2024 10:56:28:INFO:프로그램 실행
08/29/2024 12:54:02:INFO:프로그램이 정상 기동했습니다
08/29/2024 12:54:18:INFO:프로그램 실행
08/29/2024 12:54:18:INFO:Error: Can't find any android device/emulator
08/29/2024 12:54:35:INFO:프로그램이 정상 기동했습니다
08/29/2024 12:54:36:INFO:프로그램 실행
08/29/2024 13:07:17:INFO:프로그램이 정상 기동했습니다
08/29/2024 13:07:29:INFO:프로그램 실행
08/29/2024 13:08:13:INFO:프로그램이 정상 기동했습니다
08/29/2024 13:08:21:INFO:프로그램 실행
08/29/2024 13:13:53:INFO:프로그램이 정상 기동했습니다
08/29/2024 13:14:00:INFO:프로그램 실행
08/29/2024 13:18:46:INFO:프로그램이 정상 기동했습니다
08/29/2024 13:18:49:INFO:프로그램 실행
08/29/2024 13:24:05:INFO:프로그램이 정상 기동했습니다
08/29/2024 13:24:13:INFO:프로그램 실행
08/29/2024 13:30:08:INFO:프로그램이 정상 기동했습니다
08/29/2024 13:30:25:INFO:프로그램 실행
